<?xml version="1.0" encoding="UTF-8"?>
<testsuite name="com.example.demoorder.DemoOrderApplicationTests" tests="1" skipped="0" failures="0" errors="0" timestamp="2024-05-17T08:07:56" hostname="BNET" time="0.539">
  <properties/>
  <testcase name="contextLoads()" classname="com.example.demoorder.DemoOrderApplicationTests" time="0.539"/>
  <system-out><![CDATA[17:07:52.145 [Test worker] INFO org.springframework.test.context.support.AnnotationConfigContextLoaderUtils -- Could not detect default configuration classes for test class [com.example.demoorder.DemoOrderApplicationTests]: DemoOrderApplicationTests does not declare any static, non-private, non-final, nested classes annotated with @Configuration.
17:07:52.238 [Test worker] INFO org.springframework.boot.test.context.SpringBootTestContextBootstrapper -- Found @SpringBootConfiguration com.example.demoorder.DemoOrderApplication for test class com.example.demoorder.DemoOrderApplicationTests

  .   ____          _            __ _ _
 /\\ / ___'_ __ _ _(_)_ __  __ _ \ \ \ \
( ( )\___ | '_ | '_| | '_ \/ _` | \ \ \ \
 \\/  ___)| |_)| | | | | || (_| |  ) ) ) )
  '  |____| .__|_| |_|_| |_\__, | / / / /
 =========|_|==============|___/=/_/_/_/
 :: Spring Boot ::                (v3.1.2)

2024-05-17T17:07:52.623+09:00  INFO 32568 --- [    Test worker] c.e.demoorder.DemoOrderApplicationTests  : Starting DemoOrderApplicationTests using Java 17.0.9 with PID 32568 (started by User in D:\Practise\workspace\demoOrder)
2024-05-17T17:07:52.624+09:00  INFO 32568 --- [    Test worker] c.e.demoorder.DemoOrderApplicationTests  : No active profile set, falling back to 1 default profile: "default"
2024-05-17T17:07:53.201+09:00  INFO 32568 --- [    Test worker] .s.d.r.c.RepositoryConfigurationDelegate : Bootstrapping Spring Data JPA repositories in DEFAULT mode.
2024-05-17T17:07:53.289+09:00  INFO 32568 --- [    Test worker] .s.d.r.c.RepositoryConfigurationDelegate : Finished Spring Data repository scanning in 75 ms. Found 3 JPA repository interfaces.
2024-05-17T17:07:53.736+09:00  INFO 32568 --- [    Test worker] o.hibernate.jpa.internal.util.LogHelper  : HHH000204: Processing PersistenceUnitInfo [name: default]
2024-05-17T17:07:53.814+09:00  INFO 32568 --- [    Test worker] org.hibernate.Version                    : HHH000412: Hibernate ORM core version 6.2.6.Final
2024-05-17T17:07:53.817+09:00  INFO 32568 --- [    Test worker] org.hibernate.cfg.Environment            : HHH000406: Using bytecode reflection optimizer
2024-05-17T17:07:53.970+09:00  INFO 32568 --- [    Test worker] o.h.b.i.BytecodeProviderInitiator        : HHH000021: Bytecode provider name : bytebuddy
2024-05-17T17:07:54.107+09:00  INFO 32568 --- [    Test worker] o.s.o.j.p.SpringPersistenceUnitInfo      : No LoadTimeWeaver setup: ignoring JPA class transformer
2024-05-17T17:07:54.125+09:00  INFO 32568 --- [    Test worker] com.zaxxer.hikari.HikariDataSource       : HikariPool-1 - Starting...
2024-05-17T17:07:54.293+09:00  INFO 32568 --- [    Test worker] com.zaxxer.hikari.pool.HikariPool        : HikariPool-1 - Added connection conn0: url=jdbc:h2:mem:test user=SA
2024-05-17T17:07:54.295+09:00  INFO 32568 --- [    Test worker] com.zaxxer.hikari.HikariDataSource       : HikariPool-1 - Start completed.
2024-05-17T17:07:54.560+09:00  INFO 32568 --- [    Test worker] o.h.b.i.BytecodeProviderInitiator        : HHH000021: Bytecode provider name : bytebuddy
2024-05-17T17:07:55.090+09:00  INFO 32568 --- [    Test worker] o.h.e.t.j.p.i.JtaPlatformInitiator       : HHH000490: Using JtaPlatform implementation: [org.hibernate.engine.transaction.jta.platform.internal.NoJtaPlatform]
2024-05-17T17:07:55.092+09:00  INFO 32568 --- [    Test worker] j.LocalContainerEntityManagerFactoryBean : Initialized JPA EntityManagerFactory for persistence unit 'default'
2024-05-17T17:07:55.858+09:00  WARN 32568 --- [    Test worker] JpaBaseConfiguration$JpaWebConfiguration : spring.jpa.open-in-view is enabled by default. Therefore, database queries may be performed during view rendering. Explicitly configure spring.jpa.open-in-view to disable this warning
2024-05-17T17:07:56.307+09:00  INFO 32568 --- [    Test worker] c.e.demoorder.DemoOrderApplicationTests  : Started DemoOrderApplicationTests in 3.925 seconds (process running for 5.057)
]]></system-out>
  <system-err><![CDATA[]]></system-err>
</testsuite>
